<?xml version="1.0" encoding="UTF-8"?>
<!-- Generated by org.testng.reporters.JUnitReportReporter -->
<testsuite skipped="0" hostname="admin-PC" name="demo.jenkins.JenkinsDemo1" tests="1" failures="0" timestamp="13 Feb 2019 16:21:34 GMT" time="18.056" errors="0">
  <testcase name="testDemo" time="18.056" classname="demo.jenkins.JenkinsDemo1"/>
</testsuite> <!-- demo.jenkins.JenkinsDemo1 -->
